CRITICAL - 2021-12-16 20:35:17 --> Invalid file: news.php
#0 C:\xampp\htdocs\anbk\system\View\View.php(198): CodeIgniter\Exceptions\FrameworkException::forInvalidFile('news.php')
#1 C:\xampp\htdocs\anbk\system\Common.php(1097): CodeIgniter\View\View->render('news', Array, true)
#2 C:\xampp\htdocs\anbk\app\Controllers\Home.php(9): view('news')
#3 C:\xampp\htdocs\anbk\system\CodeIgniter.php(824): App\Controllers\Home->index()
#4 C:\xampp\htdocs\anbk\system\CodeIgniter.php(410): CodeIgniter\CodeIgniter->runController(Object(App\Controllers\Home))
#5 C:\xampp\htdocs\anbk\system\CodeIgniter.php(318): CodeIgniter\CodeIgniter->handleRequest(NULL, Object(Config\Cache), false)
#6 C:\xampp\htdocs\anbk\index.php(37): CodeIgniter\CodeIgniter->run()
#7 {main}
CRITICAL - 2021-12-16 23:34:30 --> Myth\Auth\Filters\LoginFilter filter must have a matching alias defined.
#0 C:\xampp\htdocs\anbk\system\Filters\Filters.php(496): CodeIgniter\Filters\Exceptions\FilterException::forNoAlias('Myth\\Auth\\Filte...')
#1 C:\xampp\htdocs\anbk\system\Filters\Filters.php(243): CodeIgniter\Filters\Filters->processAliasesToClass('before')
#2 C:\xampp\htdocs\anbk\system\Filters\Filters.php(163): CodeIgniter\Filters\Filters->initialize('login')
#3 C:\xampp\htdocs\anbk\system\CodeIgniter.php(384): CodeIgniter\Filters\Filters->run('login', 'before')
#4 C:\xampp\htdocs\anbk\system\CodeIgniter.php(318): CodeIgniter\CodeIgniter->handleRequest(NULL, Object(Config\Cache), false)
#5 C:\xampp\htdocs\anbk\index.php(37): CodeIgniter\CodeIgniter->run()
#6 {main}
CRITICAL - 2021-12-16 23:34:34 --> Myth\Auth\Filters\LoginFilter filter must have a matching alias defined.
#0 C:\xampp\htdocs\anbk\system\Filters\Filters.php(496): CodeIgniter\Filters\Exceptions\FilterException::forNoAlias('Myth\\Auth\\Filte...')
#1 C:\xampp\htdocs\anbk\system\Filters\Filters.php(243): CodeIgniter\Filters\Filters->processAliasesToClass('before')
#2 C:\xampp\htdocs\anbk\system\Filters\Filters.php(163): CodeIgniter\Filters\Filters->initialize('login')
#3 C:\xampp\htdocs\anbk\system\CodeIgniter.php(384): CodeIgniter\Filters\Filters->run('login', 'before')
#4 C:\xampp\htdocs\anbk\system\CodeIgniter.php(318): CodeIgniter\CodeIgniter->handleRequest(NULL, Object(Config\Cache), false)
#5 C:\xampp\htdocs\anbk\index.php(37): CodeIgniter\CodeIgniter->run()
#6 {main}
