CRITICAL - 2023-02-07 18:33:46 --> Class 'App\Controllers\Services' not found
#0 C:\xampp\htdocs\anbk\system\CodeIgniter.php(824): App\Controllers\User->ajaxList()
#1 C:\xampp\htdocs\anbk\system\CodeIgniter.php(410): CodeIgniter\CodeIgniter->runController(Object(App\Controllers\User))
#2 C:\xampp\htdocs\anbk\system\CodeIgniter.php(318): CodeIgniter\CodeIgniter->handleRequest(NULL, Object(Config\Cache), false)
#3 C:\xampp\htdocs\anbk\index.php(37): CodeIgniter\CodeIgniter->run()
#4 {main}
CRITICAL - 2023-02-07 18:36:44 --> Class 'App\Controllers\Services' not found
#0 C:\xampp\htdocs\anbk\system\CodeIgniter.php(824): App\Controllers\User->ajaxList()
#1 C:\xampp\htdocs\anbk\system\CodeIgniter.php(410): CodeIgniter\CodeIgniter->runController(Object(App\Controllers\User))
#2 C:\xampp\htdocs\anbk\system\CodeIgniter.php(318): CodeIgniter\CodeIgniter->handleRequest(NULL, Object(Config\Cache), false)
#3 C:\xampp\htdocs\anbk\index.php(37): CodeIgniter\CodeIgniter->run()
#4 {main}
CRITICAL - 2023-02-07 18:37:49 --> Class 'App\Controllers\Services' not found
#0 C:\xampp\htdocs\anbk\system\CodeIgniter.php(824): App\Controllers\User->ajaxList()
#1 C:\xampp\htdocs\anbk\system\CodeIgniter.php(410): CodeIgniter\CodeIgniter->runController(Object(App\Controllers\User))
#2 C:\xampp\htdocs\anbk\system\CodeIgniter.php(318): CodeIgniter\CodeIgniter->handleRequest(NULL, Object(Config\Cache), false)
#3 C:\xampp\htdocs\anbk\index.php(37): CodeIgniter\CodeIgniter->run()
#4 {main}
CRITICAL - 2023-02-07 18:38:35 --> Class 'App\Controllers\Services' not found
#0 C:\xampp\htdocs\anbk\system\CodeIgniter.php(824): App\Controllers\User->ajaxList()
#1 C:\xampp\htdocs\anbk\system\CodeIgniter.php(410): CodeIgniter\CodeIgniter->runController(Object(App\Controllers\User))
#2 C:\xampp\htdocs\anbk\system\CodeIgniter.php(318): CodeIgniter\CodeIgniter->handleRequest(NULL, Object(Config\Cache), false)
#3 C:\xampp\htdocs\anbk\index.php(37): CodeIgniter\CodeIgniter->run()
#4 {main}
CRITICAL - 2023-02-07 18:39:35 --> Class 'App\Controllers\Services' not found
#0 C:\xampp\htdocs\anbk\system\CodeIgniter.php(824): App\Controllers\User->ajaxList()
#1 C:\xampp\htdocs\anbk\system\CodeIgniter.php(410): CodeIgniter\CodeIgniter->runController(Object(App\Controllers\User))
#2 C:\xampp\htdocs\anbk\system\CodeIgniter.php(318): CodeIgniter\CodeIgniter->handleRequest(NULL, Object(Config\Cache), false)
#3 C:\xampp\htdocs\anbk\index.php(37): CodeIgniter\CodeIgniter->run()
#4 {main}
CRITICAL - 2023-02-07 19:07:20 --> Too few arguments to function App\Models\UserDatatable::__construct(), 0 passed in C:\xampp\htdocs\anbk\app\Controllers\Ajax.php on line 15 and exactly 1 expected
#0 C:\xampp\htdocs\anbk\app\Controllers\Ajax.php(15): App\Models\UserDatatable->__construct()
#1 C:\xampp\htdocs\anbk\system\CodeIgniter.php(824): App\Controllers\Ajax->index()
#2 C:\xampp\htdocs\anbk\system\CodeIgniter.php(410): CodeIgniter\CodeIgniter->runController(Object(App\Controllers\Ajax))
#3 C:\xampp\htdocs\anbk\system\CodeIgniter.php(318): CodeIgniter\CodeIgniter->handleRequest(NULL, Object(Config\Cache), false)
#4 C:\xampp\htdocs\anbk\index.php(37): CodeIgniter\CodeIgniter->run()
#5 {main}
CRITICAL - 2023-02-07 19:07:36 --> Too few arguments to function App\Models\UserDatatable::__construct(), 0 passed in C:\xampp\htdocs\anbk\app\Controllers\Ajax.php on line 15 and exactly 1 expected
#0 C:\xampp\htdocs\anbk\app\Controllers\Ajax.php(15): App\Models\UserDatatable->__construct()
#1 C:\xampp\htdocs\anbk\system\CodeIgniter.php(824): App\Controllers\Ajax->index()
#2 C:\xampp\htdocs\anbk\system\CodeIgniter.php(410): CodeIgniter\CodeIgniter->runController(Object(App\Controllers\Ajax))
#3 C:\xampp\htdocs\anbk\system\CodeIgniter.php(318): CodeIgniter\CodeIgniter->handleRequest(NULL, Object(Config\Cache), false)
#4 C:\xampp\htdocs\anbk\index.php(37): CodeIgniter\CodeIgniter->run()
#5 {main}
CRITICAL - 2023-02-07 19:07:42 --> Too few arguments to function App\Models\UserDatatable::__construct(), 0 passed in C:\xampp\htdocs\anbk\app\Controllers\Ajax.php on line 15 and exactly 1 expected
#0 C:\xampp\htdocs\anbk\app\Controllers\Ajax.php(15): App\Models\UserDatatable->__construct()
#1 C:\xampp\htdocs\anbk\system\CodeIgniter.php(824): App\Controllers\Ajax->index()
#2 C:\xampp\htdocs\anbk\system\CodeIgniter.php(410): CodeIgniter\CodeIgniter->runController(Object(App\Controllers\Ajax))
#3 C:\xampp\htdocs\anbk\system\CodeIgniter.php(318): CodeIgniter\CodeIgniter->handleRequest(NULL, Object(Config\Cache), false)
#4 C:\xampp\htdocs\anbk\index.php(37): CodeIgniter\CodeIgniter->run()
#5 {main}
CRITICAL - 2023-02-07 23:23:00 --> Undefined variable: description
#0 C:\xampp\htdocs\anbk\app\Controllers\Ajax.php(46): CodeIgniter\Debug\Exceptions->errorHandler(8, 'Undefined varia...', 'C:\\xampp\\htdocs...', 46, Array)
#1 C:\xampp\htdocs\anbk\system\CodeIgniter.php(824): App\Controllers\Ajax->show('2')
#2 C:\xampp\htdocs\anbk\system\CodeIgniter.php(410): CodeIgniter\CodeIgniter->runController(Object(App\Controllers\Ajax))
#3 C:\xampp\htdocs\anbk\system\CodeIgniter.php(318): CodeIgniter\CodeIgniter->handleRequest(NULL, Object(Config\Cache), false)
#4 C:\xampp\htdocs\anbk\index.php(37): CodeIgniter\CodeIgniter->run()
#5 {main}
CRITICAL - 2023-02-07 23:23:01 --> Undefined variable: description
#0 C:\xampp\htdocs\anbk\app\Controllers\Ajax.php(46): CodeIgniter\Debug\Exceptions->errorHandler(8, 'Undefined varia...', 'C:\\xampp\\htdocs...', 46, Array)
#1 C:\xampp\htdocs\anbk\system\CodeIgniter.php(824): App\Controllers\Ajax->show('2')
#2 C:\xampp\htdocs\anbk\system\CodeIgniter.php(410): CodeIgniter\CodeIgniter->runController(Object(App\Controllers\Ajax))
#3 C:\xampp\htdocs\anbk\system\CodeIgniter.php(318): CodeIgniter\CodeIgniter->handleRequest(NULL, Object(Config\Cache), false)
#4 C:\xampp\htdocs\anbk\index.php(37): CodeIgniter\CodeIgniter->run()
#5 {main}
CRITICAL - 2023-02-07 23:47:49 --> Undefined variable: errors
#0 C:\xampp\htdocs\anbk\app\Controllers\Ajax.php(46): CodeIgniter\Debug\Exceptions->errorHandler(8, 'Undefined varia...', 'C:\\xampp\\htdocs...', 46, Array)
#1 C:\xampp\htdocs\anbk\system\CodeIgniter.php(824): App\Controllers\Ajax->show('3')
#2 C:\xampp\htdocs\anbk\system\CodeIgniter.php(410): CodeIgniter\CodeIgniter->runController(Object(App\Controllers\Ajax))
#3 C:\xampp\htdocs\anbk\system\CodeIgniter.php(318): CodeIgniter\CodeIgniter->handleRequest(NULL, Object(Config\Cache), false)
#4 C:\xampp\htdocs\anbk\index.php(37): CodeIgniter\CodeIgniter->run()
#5 {main}
