CRITICAL - 2021-12-19 00:40:44 --> Undefined variable: post
#0 C:\xampp\htdocs\anbk\app\Views\siswa.php(3): CodeIgniter\Debug\Exceptions->errorHandler(8, 'Undefined varia...', 'C:\\xampp\\htdocs...', 3, Array)
#1 C:\xampp\htdocs\anbk\system\View\View.php(214): include('C:\\xampp\\htdocs...')
#2 C:\xampp\htdocs\anbk\system\View\View.php(217): CodeIgniter\View\View->CodeIgniter\View\{closure}()
#3 C:\xampp\htdocs\anbk\system\Common.php(1097): CodeIgniter\View\View->render('siswa', Array, true)
#4 C:\xampp\htdocs\anbk\app\Controllers\Home.php(37): view('siswa', Array)
#5 C:\xampp\htdocs\anbk\system\CodeIgniter.php(824): App\Controllers\Home->tulis()
#6 C:\xampp\htdocs\anbk\system\CodeIgniter.php(410): CodeIgniter\CodeIgniter->runController(Object(App\Controllers\Home))
#7 C:\xampp\htdocs\anbk\system\CodeIgniter.php(318): CodeIgniter\CodeIgniter->handleRequest(NULL, Object(Config\Cache), false)
#8 C:\xampp\htdocs\anbk\index.php(37): CodeIgniter\CodeIgniter->run()
#9 {main}
CRITICAL - 2021-12-19 08:02:36 --> Undefined variable: url
#0 C:\xampp\htdocs\anbk\app\Views\siswa.php(59): CodeIgniter\Debug\Exceptions->errorHandler(8, 'Undefined varia...', 'C:\\xampp\\htdocs...', 59, Array)
#1 C:\xampp\htdocs\anbk\system\View\View.php(214): include('C:\\xampp\\htdocs...')
#2 C:\xampp\htdocs\anbk\system\View\View.php(217): CodeIgniter\View\View->CodeIgniter\View\{closure}()
#3 C:\xampp\htdocs\anbk\system\Common.php(1097): CodeIgniter\View\View->render('siswa', Array, true)
#4 C:\xampp\htdocs\anbk\app\Controllers\Home.php(37): view('siswa', Array)
#5 C:\xampp\htdocs\anbk\system\CodeIgniter.php(824): App\Controllers\Home->tulis()
#6 C:\xampp\htdocs\anbk\system\CodeIgniter.php(410): CodeIgniter\CodeIgniter->runController(Object(App\Controllers\Home))
#7 C:\xampp\htdocs\anbk\system\CodeIgniter.php(318): CodeIgniter\CodeIgniter->handleRequest(NULL, Object(Config\Cache), false)
#8 C:\xampp\htdocs\anbk\index.php(37): CodeIgniter\CodeIgniter->run()
#9 {main}
CRITICAL - 2021-12-19 08:33:35 --> Too few arguments to function App\Controllers\Home::hapus(), 0 passed in C:\xampp\htdocs\anbk\system\CodeIgniter.php on line 824 and exactly 1 expected
#0 C:\xampp\htdocs\anbk\system\CodeIgniter.php(824): App\Controllers\Home->hapus()
#1 C:\xampp\htdocs\anbk\system\CodeIgniter.php(410): CodeIgniter\CodeIgniter->runController(Object(App\Controllers\Home))
#2 C:\xampp\htdocs\anbk\system\CodeIgniter.php(318): CodeIgniter\CodeIgniter->handleRequest(NULL, Object(Config\Cache), false)
#3 C:\xampp\htdocs\anbk\index.php(37): CodeIgniter\CodeIgniter->run()
#4 {main}
CRITICAL - 2021-12-19 08:33:39 --> Too few arguments to function App\Controllers\Home::hapus(), 0 passed in C:\xampp\htdocs\anbk\system\CodeIgniter.php on line 824 and exactly 1 expected
#0 C:\xampp\htdocs\anbk\system\CodeIgniter.php(824): App\Controllers\Home->hapus()
#1 C:\xampp\htdocs\anbk\system\CodeIgniter.php(410): CodeIgniter\CodeIgniter->runController(Object(App\Controllers\Home))
#2 C:\xampp\htdocs\anbk\system\CodeIgniter.php(318): CodeIgniter\CodeIgniter->handleRequest(NULL, Object(Config\Cache), false)
#3 C:\xampp\htdocs\anbk\index.php(37): CodeIgniter\CodeIgniter->run()
#4 {main}
CRITICAL - 2021-12-19 08:33:46 --> Too few arguments to function App\Controllers\Home::hapus(), 0 passed in C:\xampp\htdocs\anbk\system\CodeIgniter.php on line 824 and exactly 1 expected
#0 C:\xampp\htdocs\anbk\system\CodeIgniter.php(824): App\Controllers\Home->hapus()
#1 C:\xampp\htdocs\anbk\system\CodeIgniter.php(410): CodeIgniter\CodeIgniter->runController(Object(App\Controllers\Home))
#2 C:\xampp\htdocs\anbk\system\CodeIgniter.php(318): CodeIgniter\CodeIgniter->handleRequest(NULL, Object(Config\Cache), false)
#3 C:\xampp\htdocs\anbk\index.php(37): CodeIgniter\CodeIgniter->run()
#4 {main}
CRITICAL - 2021-12-19 08:38:18 --> Too few arguments to function App\Controllers\Home::hapus(), 0 passed in C:\xampp\htdocs\anbk\system\CodeIgniter.php on line 824 and exactly 1 expected
#0 C:\xampp\htdocs\anbk\system\CodeIgniter.php(824): App\Controllers\Home->hapus()
#1 C:\xampp\htdocs\anbk\system\CodeIgniter.php(410): CodeIgniter\CodeIgniter->runController(Object(App\Controllers\Home))
#2 C:\xampp\htdocs\anbk\system\CodeIgniter.php(318): CodeIgniter\CodeIgniter->handleRequest(NULL, Object(Config\Cache), false)
#3 C:\xampp\htdocs\anbk\index.php(37): CodeIgniter\CodeIgniter->run()
#4 {main}
CRITICAL - 2021-12-19 08:38:21 --> Too few arguments to function App\Controllers\Home::hapus(), 0 passed in C:\xampp\htdocs\anbk\system\CodeIgniter.php on line 824 and exactly 1 expected
#0 C:\xampp\htdocs\anbk\system\CodeIgniter.php(824): App\Controllers\Home->hapus()
#1 C:\xampp\htdocs\anbk\system\CodeIgniter.php(410): CodeIgniter\CodeIgniter->runController(Object(App\Controllers\Home))
#2 C:\xampp\htdocs\anbk\system\CodeIgniter.php(318): CodeIgniter\CodeIgniter->handleRequest(NULL, Object(Config\Cache), false)
#3 C:\xampp\htdocs\anbk\index.php(37): CodeIgniter\CodeIgniter->run()
#4 {main}
CRITICAL - 2021-12-19 08:38:28 --> Too few arguments to function App\Controllers\Home::hapus(), 0 passed in C:\xampp\htdocs\anbk\system\CodeIgniter.php on line 824 and exactly 1 expected
#0 C:\xampp\htdocs\anbk\system\CodeIgniter.php(824): App\Controllers\Home->hapus()
#1 C:\xampp\htdocs\anbk\system\CodeIgniter.php(410): CodeIgniter\CodeIgniter->runController(Object(App\Controllers\Home))
#2 C:\xampp\htdocs\anbk\system\CodeIgniter.php(318): CodeIgniter\CodeIgniter->handleRequest(NULL, Object(Config\Cache), false)
#3 C:\xampp\htdocs\anbk\index.php(37): CodeIgniter\CodeIgniter->run()
#4 {main}
CRITICAL - 2021-12-19 08:38:52 --> Too few arguments to function App\Controllers\Home::hapus(), 0 passed in C:\xampp\htdocs\anbk\system\CodeIgniter.php on line 824 and exactly 1 expected
#0 C:\xampp\htdocs\anbk\system\CodeIgniter.php(824): App\Controllers\Home->hapus()
#1 C:\xampp\htdocs\anbk\system\CodeIgniter.php(410): CodeIgniter\CodeIgniter->runController(Object(App\Controllers\Home))
#2 C:\xampp\htdocs\anbk\system\CodeIgniter.php(318): CodeIgniter\CodeIgniter->handleRequest(NULL, Object(Config\Cache), false)
#3 C:\xampp\htdocs\anbk\index.php(37): CodeIgniter\CodeIgniter->run()
#4 {main}
CRITICAL - 2021-12-19 08:39:02 --> Too few arguments to function App\Controllers\Home::hapus(), 0 passed in C:\xampp\htdocs\anbk\system\CodeIgniter.php on line 824 and exactly 1 expected
#0 C:\xampp\htdocs\anbk\system\CodeIgniter.php(824): App\Controllers\Home->hapus()
#1 C:\xampp\htdocs\anbk\system\CodeIgniter.php(410): CodeIgniter\CodeIgniter->runController(Object(App\Controllers\Home))
#2 C:\xampp\htdocs\anbk\system\CodeIgniter.php(318): CodeIgniter\CodeIgniter->handleRequest(NULL, Object(Config\Cache), false)
#3 C:\xampp\htdocs\anbk\index.php(37): CodeIgniter\CodeIgniter->run()
#4 {main}
CRITICAL - 2021-12-19 08:39:17 --> Too few arguments to function App\Controllers\Home::hapus(), 0 passed in C:\xampp\htdocs\anbk\system\CodeIgniter.php on line 824 and exactly 1 expected
#0 C:\xampp\htdocs\anbk\system\CodeIgniter.php(824): App\Controllers\Home->hapus()
#1 C:\xampp\htdocs\anbk\system\CodeIgniter.php(410): CodeIgniter\CodeIgniter->runController(Object(App\Controllers\Home))
#2 C:\xampp\htdocs\anbk\system\CodeIgniter.php(318): CodeIgniter\CodeIgniter->handleRequest(NULL, Object(Config\Cache), false)
#3 C:\xampp\htdocs\anbk\index.php(37): CodeIgniter\CodeIgniter->run()
#4 {main}
CRITICAL - 2021-12-19 08:39:26 --> Too few arguments to function App\Controllers\Home::hapus(), 0 passed in C:\xampp\htdocs\anbk\system\CodeIgniter.php on line 824 and exactly 1 expected
#0 C:\xampp\htdocs\anbk\system\CodeIgniter.php(824): App\Controllers\Home->hapus()
#1 C:\xampp\htdocs\anbk\system\CodeIgniter.php(410): CodeIgniter\CodeIgniter->runController(Object(App\Controllers\Home))
#2 C:\xampp\htdocs\anbk\system\CodeIgniter.php(318): CodeIgniter\CodeIgniter->handleRequest(NULL, Object(Config\Cache), false)
#3 C:\xampp\htdocs\anbk\index.php(37): CodeIgniter\CodeIgniter->run()
#4 {main}
CRITICAL - 2021-12-19 08:39:47 --> Too few arguments to function App\Controllers\Home::hapus(), 0 passed in C:\xampp\htdocs\anbk\system\CodeIgniter.php on line 824 and exactly 1 expected
#0 C:\xampp\htdocs\anbk\system\CodeIgniter.php(824): App\Controllers\Home->hapus()
#1 C:\xampp\htdocs\anbk\system\CodeIgniter.php(410): CodeIgniter\CodeIgniter->runController(Object(App\Controllers\Home))
#2 C:\xampp\htdocs\anbk\system\CodeIgniter.php(318): CodeIgniter\CodeIgniter->handleRequest(NULL, Object(Config\Cache), false)
#3 C:\xampp\htdocs\anbk\index.php(37): CodeIgniter\CodeIgniter->run()
#4 {main}
CRITICAL - 2021-12-19 08:40:30 --> Too few arguments to function App\Controllers\Home::hapus(), 0 passed in C:\xampp\htdocs\anbk\system\CodeIgniter.php on line 824 and exactly 1 expected
#0 C:\xampp\htdocs\anbk\system\CodeIgniter.php(824): App\Controllers\Home->hapus()
#1 C:\xampp\htdocs\anbk\system\CodeIgniter.php(410): CodeIgniter\CodeIgniter->runController(Object(App\Controllers\Home))
#2 C:\xampp\htdocs\anbk\system\CodeIgniter.php(318): CodeIgniter\CodeIgniter->handleRequest(NULL, Object(Config\Cache), false)
#3 C:\xampp\htdocs\anbk\index.php(37): CodeIgniter\CodeIgniter->run()
#4 {main}
CRITICAL - 2021-12-19 08:40:41 --> Too few arguments to function App\Controllers\Home::hapus(), 0 passed in C:\xampp\htdocs\anbk\system\CodeIgniter.php on line 824 and exactly 1 expected
#0 C:\xampp\htdocs\anbk\system\CodeIgniter.php(824): App\Controllers\Home->hapus()
#1 C:\xampp\htdocs\anbk\system\CodeIgniter.php(410): CodeIgniter\CodeIgniter->runController(Object(App\Controllers\Home))
#2 C:\xampp\htdocs\anbk\system\CodeIgniter.php(318): CodeIgniter\CodeIgniter->handleRequest(NULL, Object(Config\Cache), false)
#3 C:\xampp\htdocs\anbk\index.php(37): CodeIgniter\CodeIgniter->run()
#4 {main}
CRITICAL - 2021-12-19 08:40:49 --> Too few arguments to function App\Controllers\Home::hapus(), 0 passed in C:\xampp\htdocs\anbk\system\CodeIgniter.php on line 824 and exactly 1 expected
#0 C:\xampp\htdocs\anbk\system\CodeIgniter.php(824): App\Controllers\Home->hapus()
#1 C:\xampp\htdocs\anbk\system\CodeIgniter.php(410): CodeIgniter\CodeIgniter->runController(Object(App\Controllers\Home))
#2 C:\xampp\htdocs\anbk\system\CodeIgniter.php(318): CodeIgniter\CodeIgniter->handleRequest(NULL, Object(Config\Cache), false)
#3 C:\xampp\htdocs\anbk\index.php(37): CodeIgniter\CodeIgniter->run()
#4 {main}
